2022-12-21 11:25:13,769 - INFO: +---------------+--------------------+
| Parameter     | Value              |
+---------------+--------------------+
| dataroot      | ./data             |
+---------------+--------------------+
| word2vec_path | ./word2vec-768.txt |
+---------------+--------------------+
| seed          | 999                |
+---------------+--------------------+
| method        | baseline           |
+---------------+--------------------+
| device        | 0                  |
+---------------+--------------------+
| testing       | 0                  |
+---------------+--------------------+
| batch_size    | 32                 |
+---------------+--------------------+
| lr            | 0.001              |
+---------------+--------------------+
| max_epoch     | 100                |
+---------------+--------------------+
| encoder_cell  | GRU                |
+---------------+--------------------+
| dropout       | 0.200              |
+---------------+--------------------+
| embed_size    | 768                |
+---------------+--------------------+
| hidden_size   | 512                |
+---------------+--------------------+
| num_layer     | 2                  |
+---------------+--------------------+
| vocab_size    | 1741               |
+---------------+--------------------+
| pad_idx       | 0                  |
+---------------+--------------------+
| num_tags      | 74                 |
+---------------+--------------------+
| tag_pad_idx   | 0                  |
+---------------+--------------------+
2022-12-21 11:25:13,770 - INFO: Total training steps: 16000
2022-12-21 11:25:13,771 - INFO: Start training ......
2022-12-21 11:25:23,008 - INFO: NEW BEST MODEL: 	Epoch: 0	Dev loss: 0.5955	Dev acc: 69.61	Dev fscore(p/r/f): (76.39/72.89/74.60)
2022-12-21 11:25:39,930 - INFO: NEW BEST MODEL: 	Epoch: 2	Dev loss: 0.6277	Dev acc: 70.28	Dev fscore(p/r/f): (77.22/74.24/75.70)
2022-12-21 11:26:19,890 - INFO: NEW BEST MODEL: 	Epoch: 7	Dev loss: 0.8488	Dev acc: 71.28	Dev fscore(p/r/f): (80.16/74.97/77.48)
2022-12-21 11:38:29,281 - INFO: FINAL BEST RESULT: 	Epoch: 7	Dev loss: 0.8488	Dev acc: 71.2849	Dev fscore(p/r/f): (80.1561/74.9739/77.4784)
