2022-12-21 13:11:43,351 - INFO: +---------------+--------------------+
| Parameter     | Value              |
+---------------+--------------------+
| dataroot      | ./data             |
+---------------+--------------------+
| word2vec_path | ./word2vec-768.txt |
+---------------+--------------------+
| seed          | 999                |
+---------------+--------------------+
| method        | transformer        |
+---------------+--------------------+
| device        | -1                 |
+---------------+--------------------+
| testing       | 0                  |
+---------------+--------------------+
| batch_size    | 32                 |
+---------------+--------------------+
| lr            | 0.001              |
+---------------+--------------------+
| max_epoch     | 100                |
+---------------+--------------------+
| encoder_cell  | LSTM               |
+---------------+--------------------+
| dropout       | 0.200              |
+---------------+--------------------+
| embed_size    | 768                |
+---------------+--------------------+
| hidden_size   | 512                |
+---------------+--------------------+
| num_layer     | 2                  |
+---------------+--------------------+
| vocab_size    | 1741               |
+---------------+--------------------+
| pad_idx       | 0                  |
+---------------+--------------------+
| num_tags      | 74                 |
+---------------+--------------------+
| tag_pad_idx   | 0                  |
+---------------+--------------------+
2022-12-21 13:11:43,351 - INFO: Total training steps: 16000
2022-12-21 13:11:43,352 - INFO: Start training ......
