2022-12-21 13:11:58,767 - INFO: +---------------+--------------------+
| Parameter     | Value              |
+---------------+--------------------+
| dataroot      | ./data             |
+---------------+--------------------+
| word2vec_path | ./word2vec-768.txt |
+---------------+--------------------+
| seed          | 999                |
+---------------+--------------------+
| method        | transformer        |
+---------------+--------------------+
| device        | -1                 |
+---------------+--------------------+
| testing       | 0                  |
+---------------+--------------------+
| batch_size    | 32                 |
+---------------+--------------------+
| lr            | 0.001              |
+---------------+--------------------+
| max_epoch     | 100                |
+---------------+--------------------+
| encoder_cell  | LSTM               |
+---------------+--------------------+
| dropout       | 0.200              |
+---------------+--------------------+
| embed_size    | 768                |
+---------------+--------------------+
| hidden_size   | 512                |
+---------------+--------------------+
| num_layer     | 2                  |
+---------------+--------------------+
| vocab_size    | 1741               |
+---------------+--------------------+
| pad_idx       | 0                  |
+---------------+--------------------+
| num_tags      | 74                 |
+---------------+--------------------+
| tag_pad_idx   | 0                  |
+---------------+--------------------+
2022-12-21 13:11:58,767 - INFO: Total training steps: 16000
2022-12-21 13:11:58,768 - INFO: Start training ......
2022-12-21 13:12:26,749 - INFO: NEW BEST MODEL: 	Epoch: 0	Dev loss: 0.6164	Dev acc: 64.25	Dev fscore(p/r/f): (71.21/67.57/69.34)
2022-12-21 13:12:55,430 - INFO: NEW BEST MODEL: 	Epoch: 1	Dev loss: 0.5571	Dev acc: 70.06	Dev fscore(p/r/f): (75.97/73.51/74.72)
2022-12-21 13:13:24,370 - INFO: NEW BEST MODEL: 	Epoch: 2	Dev loss: 0.6017	Dev acc: 71.17	Dev fscore(p/r/f): (77.73/74.24/75.95)
2022-12-21 14:21:32,706 - INFO: FINAL BEST RESULT: 	Epoch: 2	Dev loss: 0.6017	Dev acc: 71.1732	Dev fscore(p/r/f): (77.7293/74.2440/75.9467)
