2022-12-21 12:42:02,752 - INFO: +---------------+--------------------+
| Parameter     | Value              |
+---------------+--------------------+
| dataroot      | ./data             |
+---------------+--------------------+
| word2vec_path | ./word2vec-768.txt |
+---------------+--------------------+
| seed          | 999                |
+---------------+--------------------+
| method        | transformer        |
+---------------+--------------------+
| device        | 0                  |
+---------------+--------------------+
| testing       | 0                  |
+---------------+--------------------+
| batch_size    | 32                 |
+---------------+--------------------+
| lr            | 0.001              |
+---------------+--------------------+
| max_epoch     | 100                |
+---------------+--------------------+
| encoder_cell  | LSTM               |
+---------------+--------------------+
| dropout       | 0.200              |
+---------------+--------------------+
| embed_size    | 768                |
+---------------+--------------------+
| hidden_size   | 512                |
+---------------+--------------------+
| num_layer     | 2                  |
+---------------+--------------------+
| vocab_size    | 1741               |
+---------------+--------------------+
| pad_idx       | 0                  |
+---------------+--------------------+
| num_tags      | 74                 |
+---------------+--------------------+
| tag_pad_idx   | 0                  |
+---------------+--------------------+
2022-12-21 12:42:02,752 - INFO: Total training steps: 16000
2022-12-21 12:42:02,753 - INFO: Start training ......
2022-12-21 12:42:15,502 - INFO: NEW BEST MODEL: 	Epoch: 0	Dev loss: 0.6488	Dev acc: 64.02	Dev fscore(p/r/f): (70.36/66.84/68.56)
2022-12-21 12:42:27,456 - INFO: NEW BEST MODEL: 	Epoch: 1	Dev loss: 0.5798	Dev acc: 71.28	Dev fscore(p/r/f): (78.68/73.10/75.78)
2022-12-21 12:42:38,497 - INFO: NEW BEST MODEL: 	Epoch: 2	Dev loss: 0.6451	Dev acc: 71.28	Dev fscore(p/r/f): (78.01/75.08/76.51)
