2022-12-21 11:54:23,603 - INFO: +---------------+--------------------+
| Parameter     | Value              |
+---------------+--------------------+
| dataroot      | ./data             |
+---------------+--------------------+
| word2vec_path | ./word2vec-768.txt |
+---------------+--------------------+
| seed          | 999                |
+---------------+--------------------+
| method        | baseline           |
+---------------+--------------------+
| device        | 0                  |
+---------------+--------------------+
| testing       | 0                  |
+---------------+--------------------+
| batch_size    | 32                 |
+---------------+--------------------+
| lr            | 0.001              |
+---------------+--------------------+
| max_epoch     | 100                |
+---------------+--------------------+
| encoder_cell  | LSTM               |
+---------------+--------------------+
| dropout       | 0.200              |
+---------------+--------------------+
| embed_size    | 768                |
+---------------+--------------------+
| hidden_size   | 512                |
+---------------+--------------------+
| num_layer     | 2                  |
+---------------+--------------------+
| vocab_size    | 1741               |
+---------------+--------------------+
| pad_idx       | 0                  |
+---------------+--------------------+
| num_tags      | 74                 |
+---------------+--------------------+
| tag_pad_idx   | 0                  |
+---------------+--------------------+
2022-12-21 11:54:23,603 - INFO: Total training steps: 16000
2022-12-21 11:54:23,603 - INFO: Start training ......
2022-12-21 11:54:32,956 - INFO: NEW BEST MODEL: 	Epoch: 0	Dev loss: 0.6159	Dev acc: 65.25	Dev fscore(p/r/f): (71.52/68.61/70.04)
2022-12-21 11:54:41,962 - INFO: NEW BEST MODEL: 	Epoch: 1	Dev loss: 0.6279	Dev acc: 70.50	Dev fscore(p/r/f): (77.28/73.41/75.29)
2022-12-21 11:55:07,235 - INFO: NEW BEST MODEL: 	Epoch: 4	Dev loss: 0.6714	Dev acc: 70.61	Dev fscore(p/r/f): (79.61/73.31/76.33)
2022-12-21 11:55:31,530 - INFO: NEW BEST MODEL: 	Epoch: 7	Dev loss: 0.8444	Dev acc: 71.51	Dev fscore(p/r/f): (81.41/74.45/77.78)
