2022-12-21 12:37:17,649 - INFO: +---------------+--------------------+
| Parameter     | Value              |
+---------------+--------------------+
| dataroot      | ./data             |
+---------------+--------------------+
| word2vec_path | ./word2vec-768.txt |
+---------------+--------------------+
| seed          | 999                |
+---------------+--------------------+
| method        | transformer        |
+---------------+--------------------+
| device        | 0                  |
+---------------+--------------------+
| testing       | 0                  |
+---------------+--------------------+
| batch_size    | 32                 |
+---------------+--------------------+
| lr            | 0.001              |
+---------------+--------------------+
| max_epoch     | 100                |
+---------------+--------------------+
| encoder_cell  | LSTM               |
+---------------+--------------------+
| dropout       | 0.200              |
+---------------+--------------------+
| embed_size    | 768                |
+---------------+--------------------+
| hidden_size   | 768                |
+---------------+--------------------+
| num_layer     | 2                  |
+---------------+--------------------+
| vocab_size    | 1741               |
+---------------+--------------------+
| pad_idx       | 0                  |
+---------------+--------------------+
| num_tags      | 74                 |
+---------------+--------------------+
| tag_pad_idx   | 0                  |
+---------------+--------------------+
2022-12-21 12:37:17,650 - INFO: Total training steps: 16000
2022-12-21 12:37:17,651 - INFO: Start training ......
2022-12-21 12:37:29,733 - INFO: NEW BEST MODEL: 	Epoch: 0	Dev loss: 0.5800	Dev acc: 67.04	Dev fscore(p/r/f): (73.09/69.66/71.33)
2022-12-21 12:37:41,447 - INFO: NEW BEST MODEL: 	Epoch: 1	Dev loss: 0.5964	Dev acc: 68.83	Dev fscore(p/r/f): (74.50/70.39/72.39)
2022-12-21 12:38:10,073 - INFO: NEW BEST MODEL: 	Epoch: 4	Dev loss: 0.6249	Dev acc: 70.84	Dev fscore(p/r/f): (77.02/73.41/75.17)
