2022-12-21 09:34:00,125 - INFO: +---------------+--------------------+
| Parameter     | Value              |
+---------------+--------------------+
| dataroot      | ./data             |
+---------------+--------------------+
| word2vec_path | ./word2vec-768.txt |
+---------------+--------------------+
| seed          | 999                |
+---------------+--------------------+
| method        | baseline           |
+---------------+--------------------+
| device        | 0                  |
+---------------+--------------------+
| testing       | 0                  |
+---------------+--------------------+
| batch_size    | 32                 |
+---------------+--------------------+
| lr            | 0.001              |
+---------------+--------------------+
| max_epoch     | 100                |
+---------------+--------------------+
| encoder_cell  | RNN                |
+---------------+--------------------+
| dropout       | 0.200              |
+---------------+--------------------+
| embed_size    | 768                |
+---------------+--------------------+
| hidden_size   | 512                |
+---------------+--------------------+
| num_layer     | 2                  |
+---------------+--------------------+
| vocab_size    | 1741               |
+---------------+--------------------+
| pad_idx       | 0                  |
+---------------+--------------------+
| num_tags      | 74                 |
+---------------+--------------------+
| tag_pad_idx   | 0                  |
+---------------+--------------------+
2022-12-21 09:34:00,125 - INFO: Total training steps: 16000
2022-12-21 09:34:00,126 - INFO: Start training ......
2022-12-21 09:34:13,370 - INFO: NEW BEST MODEL: 	Epoch: 0	Dev loss: 0.5734	Dev acc: 67.26	Dev fscore(p/r/f): (70.57/69.76/70.16)
2022-12-21 09:34:25,887 - INFO: NEW BEST MODEL: 	Epoch: 1	Dev loss: 0.5623	Dev acc: 70.17	Dev fscore(p/r/f): (76.87/72.78/74.77)
2022-12-21 09:34:37,212 - INFO: NEW BEST MODEL: 	Epoch: 2	Dev loss: 0.6042	Dev acc: 70.84	Dev fscore(p/r/f): (74.15/75.39/74.77)
2022-12-21 09:51:26,476 - INFO: FINAL BEST RESULT: 	Epoch: 2	Dev loss: 0.6042	Dev acc: 70.8380	Dev fscore(p/r/f): (74.1538/75.3910/74.7673)
